<?xml version="1.0" encoding="UTF-8"?>
<!-- Generated by org.testng.reporters.JUnitXMLReporter -->
<testsuite hostname="DESKTOP-818SLKN" ignored="0" name="SeemaPersonal loan" tests="3" failures="0" timestamp="07 Apr 2019 10:23:41 GMT" time="0.056" errors="0">
  <testcase name="Demo" time="0.013" classname="TestPackage.day1"/>
  <testcase name="Method2" time="0.004" classname="TestPackage.day1"/>
  <testcase name="demo2" time="0.004" classname="TestPackage.day2"/>
</testsuite> <!-- SeemaPersonal loan -->
