<?xml version="1.0" encoding="UTF-8"?>
<!-- Generated by org.testng.reporters.JUnitXMLReporter -->
<testsuite hostname="DESKTOP-818SLKN" ignored="0" name="Default test" tests="8" failures="0" timestamp="14 Apr 2019 08:05:12 GMT" time="0.116" errors="0">
  <testcase name="Demo" time="0.017" classname="TestPackage.day1"/>
  <testcase name="Demo" time="0.002" classname="TestPackage.day1"/>
  <testcase name="Demo" time="0.001" classname="TestPackage.day1"/>
  <testcase name="Demo" time="0.008" classname="TestPackage.day1"/>
  <testcase name="Demo" time="0.0" classname="TestPackage.day1"/>
  <testcase name="Demo" time="0.014" classname="TestPackage.day1"/>
  <testcase name="Demo" time="0.0" classname="TestPackage.day1"/>
  <testcase name="Method2" time="0.006" classname="TestPackage.day1"/>
</testsuite> <!-- Default test -->
