<?xml version="1.0" encoding="UTF-8"?>
<!-- Generated by org.testng.reporters.JUnitXMLReporter -->
<testsuite hostname="DESKTOP-818SLKN" ignored="0" name="Test" tests="9" failures="0" timestamp="07 Apr 2019 14:54:16 GMT" time="0.089" errors="0">
  <testcase name="Demo" time="0.013" classname="TestPackage.day1"/>
  <testcase name="Method2" time="0.002" classname="TestPackage.day1"/>
  <testcase name="demo2" time="0.003" classname="TestPackage.day2"/>
  <testcase name="MobileAPIHomeloan" time="0.003" classname="TestPackage.day3"/>
  <testcase name="MobileHomeloan" time="0.001" classname="TestPackage.day3"/>
  <testcase name="webviewHomeloan" time="0.003" classname="TestPackage.day3"/>
  <testcase name="APIcarloan" time="0.002" classname="TestPackage.day4"/>
  <testcase name="Mobilecarloan" time="0.003" classname="TestPackage.day4"/>
  <testcase name="webviewcarloan" time="0.002" classname="TestPackage.day4"/>
</testsuite> <!-- Test -->
