<?xml version="1.0" encoding="UTF-8"?>
<!-- Generated by org.testng.reporters.JUnitXMLReporter -->
<testsuite hostname="DESKTOP-818SLKN" ignored="0" name="Home Loan" tests="4" failures="0" timestamp="12 Apr 2019 11:09:09 GMT" time="0.029" errors="0">
  <testcase name="APIHomeloan" time="0.002" classname="TestPackage.day3"/>
  <testcase name="MobileHomeloan" time="0.006" classname="TestPackage.day3"/>
  <testcase name="T4n" time="0.002" classname="TestPackage.day3"/>
  <testcase name="webviewHomeloan" time="0.002" classname="TestPackage.day3"/>
</testsuite> <!-- Home Loan -->
