<?xml version="1.0" encoding="UTF-8"?>
<!-- Generated by org.testng.reporters.JUnitXMLReporter -->
<testsuite hostname="DESKTOP-818SLKN" ignored="2" name="Seema Personal loan" tests="1" failures="0" timestamp="12 Apr 2019 11:09:09 GMT" time="0.043" errors="0">
  <testcase name="demo2" time="0.015" classname="TestPackage.day2"/>
  <testcase name="Demo" time="0.0" classname="TestPackage.day1">
    <ignored/>
  </testcase> <!-- Demo -->
  <testcase name="Method2" time="0.0" classname="TestPackage.day1">
    <ignored/>
  </testcase> <!-- Method2 -->
</testsuite> <!-- Seema Personal loan -->
