<?xml version="1.0" encoding="UTF-8"?>
<!-- Generated by org.testng.reporters.JUnitXMLReporter -->
<testsuite hostname="DESKTOP-818SLKN" ignored="6" name="Regression" tests="1" failures="0" timestamp="08 Apr 2019 12:31:30 GMT" time="0.043" errors="0">
  <testcase name="MobileHomeloan" time="0.012" classname="TestPackage.day3"/>
  <testcase name="demo2" time="0.0" classname="TestPackage.day2">
    <ignored/>
  </testcase> <!-- demo2 -->
  <testcase name="Demo" time="0.0" classname="TestPackage.day1">
    <ignored/>
  </testcase> <!-- Demo -->
  <testcase name="APIHomeloan" time="0.0" classname="TestPackage.day3">
    <ignored/>
  </testcase> <!-- APIHomeloan -->
  <testcase name="Method2" time="0.0" classname="TestPackage.day1">
    <ignored/>
  </testcase> <!-- Method2 -->
  <testcase name="T4n" time="0.0" classname="TestPackage.day3">
    <ignored/>
  </testcase> <!-- T4n -->
  <testcase name="webviewHomeloan" time="0.0" classname="TestPackage.day3">
    <ignored/>
  </testcase> <!-- webviewHomeloan -->
</testsuite> <!-- Regression -->
