<?xml version="1.0" encoding="UTF-8"?>
<!-- Generated by org.testng.reporters.JUnitXMLReporter -->
<testsuite hostname="DESKTOP-818SLKN" ignored="3" name="seema suit3" tests="1" failures="0" timestamp="12 Apr 2019 11:10:25 GMT" time="0.046" errors="0">
  <testcase name="MobileHomeloan" time="0.013" classname="TestPackage.day3"/>
  <testcase name="APIHomeloan" time="0.0" classname="TestPackage.day3">
    <ignored/>
  </testcase> <!-- APIHomeloan -->
  <testcase name="T4n" time="0.0" classname="TestPackage.day3">
    <ignored/>
  </testcase> <!-- T4n -->
  <testcase name="webviewHomeloan" time="0.0" classname="TestPackage.day3">
    <ignored/>
  </testcase> <!-- webviewHomeloan -->
</testsuite> <!-- seema suit3 -->
