<?xml version="1.0" encoding="UTF-8"?>
<testng-results skipped="0" failed="0" ignored="0" total="8" passed="8">
  <reporter-output>
  </reporter-output>
  <suite name="Default suite" duration-ms="116" started-at="2019-04-14T08:05:12Z" finished-at="2019-04-14T08:05:12Z">
    <groups>
    </groups>
    <test name="Default test" duration-ms="116" started-at="2019-04-14T08:05:12Z" finished-at="2019-04-14T08:05:12Z">
      <class name="TestPackage.day1">
        <test-method status="PASS" signature="Demo()[pri:0, instance:TestPackage.day1@7946e1f4]" name="Demo" duration-ms="17" started-at="2019-04-14T13:35:12Z" finished-at="2019-04-14T13:35:12Z">
          <reporter-output>
          </reporter-output>
        </test-method> <!-- Demo -->
        <test-method status="PASS" signature="Demo()[pri:0, instance:TestPackage.day1@7946e1f4]" name="Demo" duration-ms="2" started-at="2019-04-14T13:35:12Z" finished-at="2019-04-14T13:35:12Z">
          <reporter-output>
          </reporter-output>
        </test-method> <!-- Demo -->
        <test-method status="PASS" signature="Demo()[pri:0, instance:TestPackage.day1@7946e1f4]" name="Demo" duration-ms="1" started-at="2019-04-14T13:35:12Z" finished-at="2019-04-14T13:35:12Z">
          <reporter-output>
          </reporter-output>
        </test-method> <!-- Demo -->
        <test-method status="PASS" signature="Demo()[pri:0, instance:TestPackage.day1@7946e1f4]" name="Demo" duration-ms="8" started-at="2019-04-14T13:35:12Z" finished-at="2019-04-14T13:35:12Z">
          <reporter-output>
          </reporter-output>
        </test-method> <!-- Demo -->
        <test-method status="PASS" signature="Demo()[pri:0, instance:TestPackage.day1@7946e1f4]" name="Demo" duration-ms="0" started-at="2019-04-14T13:35:12Z" finished-at="2019-04-14T13:35:12Z">
          <reporter-output>
          </reporter-output>
        </test-method> <!-- Demo -->
        <test-method status="PASS" signature="Demo()[pri:0, instance:TestPackage.day1@7946e1f4]" name="Demo" duration-ms="14" started-at="2019-04-14T13:35:12Z" finished-at="2019-04-14T13:35:12Z">
          <reporter-output>
          </reporter-output>
        </test-method> <!-- Demo -->
        <test-method status="PASS" signature="Demo()[pri:0, instance:TestPackage.day1@7946e1f4]" name="Demo" duration-ms="0" started-at="2019-04-14T13:35:12Z" finished-at="2019-04-14T13:35:12Z">
          <reporter-output>
          </reporter-output>
        </test-method> <!-- Demo -->
        <test-method status="PASS" signature="Method2()[pri:0, instance:TestPackage.day1@7946e1f4]" name="Method2" duration-ms="6" started-at="2019-04-14T13:35:12Z" finished-at="2019-04-14T13:35:12Z">
          <reporter-output>
          </reporter-output>
        </test-method> <!-- Method2 -->
      </class> <!-- TestPackage.day1 -->
    </test> <!-- Default test -->
  </suite> <!-- Default suite -->
</testng-results>
